<?xml version="1.0" encoding="UTF-8"?>
<coverage generated="1618440450460" clover="3.2.0">
  <project timestamp="1618440450460" name="All files">
    <metrics statements="20" coveredstatements="18" conditionals="16" coveredconditionals="5" methods="6" coveredmethods="5" elements="42" coveredelements="28" complexity="0" loc="20" ncloc="20" packages="1" files="1" classes="1"/>
    <file name="robotkit.js" path="C:\Users\ran-j\Documents\Projetos\NodeJS\roversController\src\robotkit.js">
      <metrics statements="20" coveredstatements="18" conditionals="16" coveredconditionals="5" methods="6" coveredmethods="5"/>
      <line num="4" count="1" type="stmt"/>
      <line num="12" count="1" type="stmt"/>
      <line num="22" count="3" type="stmt"/>
      <line num="23" count="3" type="stmt"/>
      <line num="24" count="3" type="stmt"/>
      <line num="25" count="3" type="stmt"/>
      <line num="36" count="2" type="stmt"/>
      <line num="50" count="2" type="stmt"/>
      <line num="61" count="1" type="cond" truecount="1" falsecount="1"/>
      <line num="62" count="1" type="cond" truecount="1" falsecount="1"/>
      <line num="63" count="1" type="cond" truecount="1" falsecount="1"/>
      <line num="64" count="1" type="cond" truecount="1" falsecount="1"/>
      <line num="65" count="0" type="cond" truecount="0" falsecount="2"/>
      <line num="66" count="0" type="stmt"/>
      <line num="68" count="1" type="stmt"/>
      <line num="69" count="1" type="stmt"/>
      <line num="70" count="1" type="stmt"/>
      <line num="79" count="1" type="cond" truecount="1" falsecount="1"/>
      <line num="80" count="1" type="stmt"/>
      <line num="94" count="1" type="stmt"/>
    </file>
  </project>
</coverage>
