<?xml version="1.0" encoding="UTF-8"?>
<coverage generated="1618439901983" clover="3.2.0">
  <project timestamp="1618439901983" name="All files">
    <metrics statements="9" coveredstatements="9" conditionals="4" coveredconditionals="0" methods="6" coveredmethods="4" elements="19" coveredelements="13" complexity="0" loc="9" ncloc="9" packages="1" files="1" classes="1"/>
    <file name="robotkit.js" path="C:\Users\ran-j\Documents\Projetos\NodeJS\roversController\src\robotkit.js">
      <metrics statements="9" coveredstatements="9" conditionals="4" coveredconditionals="0" methods="6" coveredmethods="4"/>
      <line num="4" count="1" type="stmt"/>
      <line num="12" count="1" type="stmt"/>
      <line num="22" count="3" type="stmt"/>
      <line num="23" count="3" type="stmt"/>
      <line num="24" count="3" type="stmt"/>
      <line num="25" count="3" type="stmt"/>
      <line num="36" count="1" type="stmt"/>
      <line num="46" count="2" type="stmt"/>
      <line num="76" count="1" type="stmt"/>
    </file>
  </project>
</coverage>
