{"C:\\Users\\ran-j\\Documents\\Projetos\\NodeJS\\roversController\\src\\robotkit.js": {"path":"C:\\Users\\ran-j\\Documents\\Projetos\\NodeJS\\roversController\\src\\robotkit.js","statementMap":{"0":{"start":{"line":4,"column":19},"end":{"line":9,"column":1}},"1":{"start":{"line":12,"column":14},"end":{"line":15,"column":1}},"2":{"start":{"line":22,"column":8},"end":{"line":22,"column":19}},"3":{"start":{"line":23,"column":8},"end":{"line":23,"column":19}},"4":{"start":{"line":24,"column":8},"end":{"line":24,"column":49}},"5":{"start":{"line":25,"column":8},"end":{"line":25,"column":28}},"6":{"start":{"line":36,"column":8},"end":{"line":36,"column":17}},"7":{"start":{"line":46,"column":8},"end":{"line":46,"column":18}},"8":{"start":{"line":76,"column":0},"end":{"line":79,"column":1}}},"fnMap":{"0":{"name":"(anonymous_0)","decl":{"start":{"line":21,"column":4},"end":{"line":21,"column":5}},"loc":{"start":{"line":21,"column":18},"end":{"line":26,"column":5}},"line":21},"1":{"name":"(anonymous_1)","decl":{"start":{"line":35,"column":4},"end":{"line":35,"column":5}},"loc":{"start":{"line":35,"column":25},"end":{"line":37,"column":5}},"line":35},"2":{"name":"(anonymous_2)","decl":{"start":{"line":45,"column":4},"end":{"line":45,"column":5}},"loc":{"start":{"line":45,"column":21},"end":{"line":47,"column":5}},"line":45},"3":{"name":"(anonymous_3)","decl":{"start":{"line":56,"column":4},"end":{"line":56,"column":5}},"loc":{"start":{"line":56,"column":41},"end":{"line":56,"column":44}},"line":56},"4":{"name":"(anonymous_4)","decl":{"start":{"line":63,"column":4},"end":{"line":63,"column":5}},"loc":{"start":{"line":63,"column":29},"end":{"line":63,"column":32}},"line":63},"5":{"name":"(anonymous_5)","decl":{"start":{"line":73,"column":4},"end":{"line":73,"column":5}},"loc":{"start":{"line":73,"column":42},"end":{"line":73,"column":45}},"line":73}},"branchMap":{"0":{"loc":{"start":{"line":56,"column":16},"end":{"line":56,"column":21}},"type":"default-arg","locations":[{"start":{"line":56,"column":20},"end":{"line":56,"column":21}}],"line":56},"1":{"loc":{"start":{"line":56,"column":23},"end":{"line":56,"column":28}},"type":"default-arg","locations":[{"start":{"line":56,"column":27},"end":{"line":56,"column":28}}],"line":56},"2":{"loc":{"start":{"line":63,"column":12},"end":{"line":63,"column":27}},"type":"default-arg","locations":[{"start":{"line":63,"column":25},"end":{"line":63,"column":27}}],"line":63},"3":{"loc":{"start":{"line":73,"column":25},"end":{"line":73,"column":40}},"type":"default-arg","locations":[{"start":{"line":73,"column":38},"end":{"line":73,"column":40}}],"line":73}},"s":{"0":1,"1":1,"2":3,"3":3,"4":3,"5":3,"6":1,"7":2,"8":1},"f":{"0":3,"1":1,"2":2,"3":0,"4":1,"5":0},"b":{"0":[0],"1":[0],"2":[0],"3":[0]},"_coverageSchema":"1a1c01bbd47fc00a2c39e90264f33305004495a9","hash":"82c2942637d121b02d2471cb8f708ecf04d73eae"}
}
