{"total": {"lines":{"total":20,"covered":18,"skipped":0,"pct":90},"statements":{"total":25,"covered":18,"skipped":0,"pct":72},"functions":{"total":6,"covered":5,"skipped":0,"pct":83.33},"branches":{"total":16,"covered":5,"skipped":0,"pct":31.25}}
,"C:\\Users\\ran-j\\Documents\\Projetos\\NodeJS\\roversController\\src\\robotkit.js": {"lines":{"total":20,"covered":18,"skipped":0,"pct":90},"functions":{"total":6,"covered":5,"skipped":0,"pct":83.33},"statements":{"total":25,"covered":18,"skipped":0,"pct":72},"branches":{"total":16,"covered":5,"skipped":0,"pct":31.25}}
}
