{"total": {"lines":{"total":121,"covered":112,"skipped":0,"pct":92.56},"statements":{"total":129,"covered":115,"skipped":0,"pct":89.15},"functions":{"total":21,"covered":21,"skipped":0,"pct":100},"branches":{"total":66,"covered":48,"skipped":0,"pct":72.73}}
,"C:\\Users\\ran-j\\Documents\\Projetos\\NodeJS\\roversController\\src\\robotController.js": {"lines":{"total":54,"covered":47,"skipped":0,"pct":87.04},"functions":{"total":10,"covered":10,"skipped":0,"pct":100},"statements":{"total":56,"covered":49,"skipped":0,"pct":87.5},"branches":{"total":22,"covered":16,"skipped":0,"pct":72.73}}
,"C:\\Users\\ran-j\\Documents\\Projetos\\NodeJS\\roversController\\src\\robotkit.js": {"lines":{"total":67,"covered":65,"skipped":0,"pct":97.01},"functions":{"total":11,"covered":11,"skipped":0,"pct":100},"statements":{"total":73,"covered":66,"skipped":0,"pct":90.41},"branches":{"total":44,"covered":32,"skipped":0,"pct":72.73}}
}
