{"C:\\Users\\ran-j\\Documents\\Projetos\\NodeJS\\roversController\\src\\robotkit.js": {"path":"C:\\Users\\ran-j\\Documents\\Projetos\\NodeJS\\roversController\\src\\robotkit.js","statementMap":{"0":{"start":{"line":4,"column":19},"end":{"line":9,"column":1}},"1":{"start":{"line":12,"column":14},"end":{"line":15,"column":1}},"2":{"start":{"line":22,"column":8},"end":{"line":22,"column":19}},"3":{"start":{"line":23,"column":8},"end":{"line":23,"column":19}},"4":{"start":{"line":24,"column":8},"end":{"line":24,"column":49}},"5":{"start":{"line":25,"column":8},"end":{"line":25,"column":28}},"6":{"start":{"line":36,"column":8},"end":{"line":40,"column":19}},"7":{"start":{"line":50,"column":8},"end":{"line":50,"column":31}},"8":{"start":{"line":61,"column":8},"end":{"line":61,"column":56}},"9":{"start":{"line":61,"column":19},"end":{"line":61,"column":56}},"10":{"start":{"line":62,"column":8},"end":{"line":62,"column":56}},"11":{"start":{"line":62,"column":19},"end":{"line":62,"column":56}},"12":{"start":{"line":63,"column":8},"end":{"line":63,"column":74}},"13":{"start":{"line":63,"column":37},"end":{"line":63,"column":74}},"14":{"start":{"line":64,"column":8},"end":{"line":67,"column":9}},"15":{"start":{"line":65,"column":12},"end":{"line":65,"column":77}},"16":{"start":{"line":65,"column":40},"end":{"line":65,"column":77}},"17":{"start":{"line":66,"column":12},"end":{"line":66,"column":45}},"18":{"start":{"line":68,"column":8},"end":{"line":68,"column":19}},"19":{"start":{"line":69,"column":8},"end":{"line":69,"column":19}},"20":{"start":{"line":70,"column":8},"end":{"line":70,"column":41}},"21":{"start":{"line":79,"column":8},"end":{"line":79,"column":85}},"22":{"start":{"line":79,"column":35},"end":{"line":79,"column":85}},"23":{"start":{"line":80,"column":8},"end":{"line":80,"column":37}},"24":{"start":{"line":94,"column":0},"end":{"line":97,"column":1}}},"fnMap":{"0":{"name":"(anonymous_0)","decl":{"start":{"line":21,"column":4},"end":{"line":21,"column":5}},"loc":{"start":{"line":21,"column":18},"end":{"line":26,"column":5}},"line":21},"1":{"name":"(anonymous_1)","decl":{"start":{"line":35,"column":4},"end":{"line":35,"column":5}},"loc":{"start":{"line":35,"column":25},"end":{"line":41,"column":5}},"line":35},"2":{"name":"(anonymous_2)","decl":{"start":{"line":49,"column":4},"end":{"line":49,"column":5}},"loc":{"start":{"line":49,"column":21},"end":{"line":51,"column":5}},"line":49},"3":{"name":"(anonymous_3)","decl":{"start":{"line":60,"column":4},"end":{"line":60,"column":5}},"loc":{"start":{"line":60,"column":41},"end":{"line":71,"column":5}},"line":60},"4":{"name":"(anonymous_4)","decl":{"start":{"line":78,"column":4},"end":{"line":78,"column":5}},"loc":{"start":{"line":78,"column":29},"end":{"line":81,"column":5}},"line":78},"5":{"name":"(anonymous_5)","decl":{"start":{"line":91,"column":4},"end":{"line":91,"column":5}},"loc":{"start":{"line":91,"column":42},"end":{"line":91,"column":45}},"line":91}},"branchMap":{"0":{"loc":{"start":{"line":60,"column":16},"end":{"line":60,"column":21}},"type":"default-arg","locations":[{"start":{"line":60,"column":20},"end":{"line":60,"column":21}}],"line":60},"1":{"loc":{"start":{"line":60,"column":23},"end":{"line":60,"column":28}},"type":"default-arg","locations":[{"start":{"line":60,"column":27},"end":{"line":60,"column":28}}],"line":60},"2":{"loc":{"start":{"line":61,"column":8},"end":{"line":61,"column":56}},"type":"if","locations":[{"start":{"line":61,"column":8},"end":{"line":61,"column":56}},{"start":{"line":61,"column":8},"end":{"line":61,"column":56}}],"line":61},"3":{"loc":{"start":{"line":62,"column":8},"end":{"line":62,"column":56}},"type":"if","locations":[{"start":{"line":62,"column":8},"end":{"line":62,"column":56}},{"start":{"line":62,"column":8},"end":{"line":62,"column":56}}],"line":62},"4":{"loc":{"start":{"line":63,"column":8},"end":{"line":63,"column":74}},"type":"if","locations":[{"start":{"line":63,"column":8},"end":{"line":63,"column":74}},{"start":{"line":63,"column":8},"end":{"line":63,"column":74}}],"line":63},"5":{"loc":{"start":{"line":64,"column":8},"end":{"line":67,"column":9}},"type":"if","locations":[{"start":{"line":64,"column":8},"end":{"line":67,"column":9}},{"start":{"line":64,"column":8},"end":{"line":67,"column":9}}],"line":64},"6":{"loc":{"start":{"line":65,"column":12},"end":{"line":65,"column":77}},"type":"if","locations":[{"start":{"line":65,"column":12},"end":{"line":65,"column":77}},{"start":{"line":65,"column":12},"end":{"line":65,"column":77}}],"line":65},"7":{"loc":{"start":{"line":78,"column":12},"end":{"line":78,"column":27}},"type":"default-arg","locations":[{"start":{"line":78,"column":25},"end":{"line":78,"column":27}}],"line":78},"8":{"loc":{"start":{"line":79,"column":8},"end":{"line":79,"column":85}},"type":"if","locations":[{"start":{"line":79,"column":8},"end":{"line":79,"column":85}},{"start":{"line":79,"column":8},"end":{"line":79,"column":85}}],"line":79},"9":{"loc":{"start":{"line":91,"column":25},"end":{"line":91,"column":40}},"type":"default-arg","locations":[{"start":{"line":91,"column":38},"end":{"line":91,"column":40}}],"line":91}},"s":{"0":1,"1":1,"2":3,"3":3,"4":3,"5":3,"6":2,"7":2,"8":1,"9":0,"10":1,"11":0,"12":1,"13":0,"14":1,"15":0,"16":0,"17":0,"18":1,"19":1,"20":1,"21":1,"22":0,"23":1,"24":1},"f":{"0":3,"1":2,"2":2,"3":1,"4":1,"5":0},"b":{"0":[0],"1":[0],"2":[0,1],"3":[0,1],"4":[0,1],"5":[0,1],"6":[0,0],"7":[0],"8":[0,1],"9":[0]},"_coverageSchema":"1a1c01bbd47fc00a2c39e90264f33305004495a9","hash":"f33fc7383b1adf05b73de71c1a4b47304ae34ef1"}
}
