TN:
SF:src\robotkit.js
FN:21,(anonymous_0)
FN:35,(anonymous_1)
FN:49,(anonymous_2)
FN:60,(anonymous_3)
FN:67,(anonymous_4)
FN:83,(anonymous_5)
FN:95,(anonymous_6)
FN:97,(anonymous_7)
FN:126,(anonymous_8)
FN:140,(anonymous_9)
FN:165,(anonymous_10)
FNF:11
FNH:11
FNDA:18,(anonymous_0)
FNDA:18,(anonymous_1)
FNDA:2,(anonymous_2)
FNDA:16,(anonymous_3)
FNDA:4,(anonymous_4)
FNDA:15,(anonymous_5)
FNDA:14,(anonymous_6)
FNDA:49,(anonymous_7)
FNDA:11,(anonymous_8)
FNDA:11,(anonymous_9)
FNDA:28,(anonymous_10)
DA:4,1
DA:12,1
DA:22,18
DA:23,18
DA:24,18
DA:25,18
DA:36,18
DA:50,2
DA:61,16
DA:62,16
DA:63,16
DA:64,16
DA:65,1
DA:66,1
DA:67,1
DA:68,4
DA:71,1
DA:73,16
DA:74,16
DA:75,16
DA:84,15
DA:85,15
DA:97,49
DA:99,14
DA:100,49
DA:102,11
DA:103,11
DA:105,14
DA:106,14
DA:108,14
DA:109,14
DA:111,10
DA:114,14
DA:127,11
DA:128,6
DA:130,5
DA:141,11
DA:142,11
DA:143,11
DA:145,2
DA:146,2
DA:148,3
DA:149,3
DA:151,4
DA:152,4
DA:154,2
DA:155,2
DA:166,28
DA:168,10
DA:169,5
DA:171,5
DA:173,10
DA:175,6
DA:176,3
DA:178,3
DA:180,6
DA:182,6
DA:183,4
DA:185,2
DA:187,6
DA:189,6
DA:190,2
DA:192,4
DA:194,6
DA:196,0
DA:197,0
DA:202,1
LF:67
LH:65
BRDA:60,0,0,0
BRDA:60,1,0,0
BRDA:61,2,0,0
BRDA:61,2,1,16
BRDA:62,3,0,0
BRDA:62,3,1,16
BRDA:63,4,0,0
BRDA:63,4,1,16
BRDA:64,5,0,1
BRDA:64,5,1,15
BRDA:65,6,0,0
BRDA:65,6,1,1
BRDA:83,7,0,0
BRDA:84,8,0,0
BRDA:84,8,1,15
BRDA:100,9,0,11
BRDA:100,9,1,14
BRDA:100,9,2,14
BRDA:100,9,3,10
BRDA:126,10,0,5
BRDA:127,11,0,6
BRDA:127,11,1,5
BRDA:128,12,0,0
BRDA:128,12,1,6
BRDA:130,13,0,0
BRDA:130,13,1,5
BRDA:143,14,0,2
BRDA:143,14,1,3
BRDA:143,14,2,4
BRDA:143,14,3,2
BRDA:165,15,0,0
BRDA:166,16,0,10
BRDA:166,16,1,6
BRDA:166,16,2,6
BRDA:166,16,3,6
BRDA:166,16,4,0
BRDA:168,17,0,5
BRDA:168,17,1,5
BRDA:175,18,0,3
BRDA:175,18,1,3
BRDA:182,19,0,4
BRDA:182,19,1,2
BRDA:189,20,0,2
BRDA:189,20,1,4
BRF:44
BRH:32
end_of_record
