TN:
SF:src\robotkit.js
FN:21,(anonymous_0)
FN:35,(anonymous_1)
FN:49,(anonymous_2)
FN:60,(anonymous_3)
FN:78,(anonymous_4)
FN:91,(anonymous_5)
FNF:6
FNH:5
FNDA:3,(anonymous_0)
FNDA:2,(anonymous_1)
FNDA:2,(anonymous_2)
FNDA:1,(anonymous_3)
FNDA:1,(anonymous_4)
FNDA:0,(anonymous_5)
DA:4,1
DA:12,1
DA:22,3
DA:23,3
DA:24,3
DA:25,3
DA:36,2
DA:50,2
DA:61,1
DA:62,1
DA:63,1
DA:64,1
DA:65,0
DA:66,0
DA:68,1
DA:69,1
DA:70,1
DA:79,1
DA:80,1
DA:94,1
LF:20
LH:18
BRDA:60,0,0,0
BRDA:60,1,0,0
BRDA:61,2,0,0
BRDA:61,2,1,1
BRDA:62,3,0,0
BRDA:62,3,1,1
BRDA:63,4,0,0
BRDA:63,4,1,1
BRDA:64,5,0,0
BRDA:64,5,1,1
BRDA:65,6,0,0
BRDA:65,6,1,0
BRDA:78,7,0,0
BRDA:79,8,0,0
BRDA:79,8,1,1
BRDA:91,9,0,0
BRF:16
BRH:5
end_of_record
